<?xml version="1.0" encoding="UTF-8" ?>
<testsuite errors="0" failures="0" hostname="DESKTOP-4H783LG" name="br.com.vftv.gym.model.UserTest" skipped="0" tests="2" time="0.235" timestamp="2020-02-09T03:04:08">
  <properties>
[...]
</properties>
  <testcase classname="br.com.vftv.gym.model.UserTest" name="releaseUserNotPaymentOnDay" time="0.125" />
  <testcase classname="br.com.vftv.gym.model.UserTest" name="releaseUserPaymentOnDay" time="0.0" />
  <system-out><![CDATA[]]></system-out>
  <system-err><![CDATA[]]></system-err>
</testsuite>
